2139 L: 7 0 8 R: 3 2 -3 D: 8191.0 Acc 1: x: 1067.0 y: -884.0 z: 38.0 Acc 2: x: 1093.0 y: 96.0 z: 127.0
2189 L: 7 1 13 R: -15 0 -4 D: 8191.0 Acc 1: x: 890.0 y: -15.0 z: -242.0 Acc 2: x: 777.0 y: 99.0 z: 301.0
2239 L: 7 3 16 R: -30 -1 -3 D: 8191.0 Acc 1: x: 456.0 y: -531.0 z: -95.0 Acc 2: x: 1017.0 y: 224.0 z: 208.0
2289 L: 5 0 21 R: -29 -2 -4 D: 8191.0 Acc 1: x: 235.0 y: -728.0 z: -74.0 Acc 2: x: 1080.0 y: 62.0 z: 195.0
2340 L: 3 -2 28 R: -30 -1 -4 D: 8191.0 Acc 1: x: 785.0 y: -1688.0 z: -993.0 Acc 2: x: 902.0 y: 349.0 z: 224.0
2391 L: 3 -3 27 R: -30 -2 -4 D: 8191.0 Acc 1: x: 703.0 y: -650.0 z: -993.0 Acc 2: x: 1062.0 y: 45.0 z: 261.0
2441 L: 2 -4 30 R: -31 -2 -4 D: 8191.0 Acc 1: x: 958.0 y: -67.0 z: -562.0 Acc 2: x: 937.0 y: 59.0 z: 282.0
2490 L: 1 -5 35 R: -30 -2 -3 D: 8191.0 Acc 1: x: 974.0 y: -721.0 z: -154.0 Acc 2: x: 662.0 y: 90.0 z: 224.0
2540 L: 0 -5 34 R: -31 -2 -3 D: 8191.0 Acc 1: x: 1371.0 y: -604.0 z: -101.0 Acc 2: x: 506.0 y: 63.0 z: 260.0
2590 L: 6 2 11 R: -30 -2 -4 D: 8191.0 Acc 1: x: 2684.0 y: 805.0 z: -2936.0 Acc 2: x: 832.0 y: 53.0 z: 266.0
2639 L: 16 29 1 R: -22 -2 -2 D: 123.0 Acc 1: x: 1480.0 y: 360.0 z: -213.0 Acc 2: x: 1295.0 y: 64.0 z: 107.0
2672 L: 20 50 -1 R: -7 -1 -2 D: 123.0 Acc 1: x: 1682.0 y: 752.0 z: -496.0 Acc 2: x: 1552.0 y: 138.0 z: 57.0
2722 L: 15 45 -1 R: -7 0 -2 D: 8191.0 Acc 1: x: 1180.0 y: 419.0 z: -407.0 Acc 2: x: 1275.0 y: 133.0 z: 20.0
2755 L: 7 14 -3 R: -8 0 0 D: 8191.0 Acc 1: x: 1066.0 y: 297.0 z: -99.0 Acc 2: x: 919.0 y: 171.0 z: 82.0
2804 L: 0 0 -4 R: -10 0 1 D: 8191.0 Acc 1: x: 1008.0 y: 63.0 z: -90.0 Acc 2: x: 785.0 y: 255.0 z: 161.0
2855 L: -6 -10 -4 R: -11 0 2 D: 8191.0 Acc 1: x: 893.0 y: 285.0 z: -199.0 Acc 2: x: 908.0 y: 189.0 z: 170.0
2905 L: -5 -11 -3 R: -13 0 5 D: 8191.0 Acc 1: x: 867.0 y: -99.0 z: -309.0 Acc 2: x: 977.0 y: 317.0 z: 169.0
2937 L: -6 -10 -3 R: -13 0 6 D: 8191.0 Acc 1: x: 979.0 y: -65.0 z: -223.0 Acc 2: x: 1002.0 y: 214.0 z: 177.0
2970 L: -6 -10 -2 R: -15 0 6 D: 8191.0 Acc 1: x: 1077.0 y: -80.0 z: -26.0 Acc 2: x: 1045.0 y: 255.0 z: 144.0
3020 L: -7 -10 -2 R: -14 0 8 D: 8191.0 Acc 1: x: 1045.0 y: -83.0 z: -163.0 Acc 2: x: 927.0 y: 258.0 z: 231.0
3070 L: -6 -10 -1 R: -18 0 7 D: 8191.0 Acc 1: x: 949.0 y: 18.0 z: -273.0 Acc 2: x: 903.0 y: 266.0 z: 213.0
3120 L: -6 -11 0 R: -20 -1 13 D: 8191.0 Acc 1: x: 1162.0 y: 440.0 z: -445.0 Acc 2: x: 697.0 y: 231.0 z: 207.0
3170 L: -7 -10 0 R: -19 -2 11 D: 8191.0 Acc 1: x: 1143.0 y: 700.0 z: -212.0 Acc 2: x: 626.0 y: 157.0 z: 197.0
3203 L: -5 -9 0 R: -15 -2 4 D: 8191.0 Acc 1: x: 1233.0 y: 1018.0 z: -23.0 Acc 2: x: 629.0 y: 116.0 z: 132.0
3253 L: -3 -9 0 R: -3 0 0 D: 8191.0 Acc 1: x: 1098.0 y: 100.0 z: 46.0 Acc 2: x: 1138.0 y: 260.0 z: 105.0
3302 L: 0 -6 0 R: 20 2 -2 D: 131.0 Acc 1: x: 1707.0 y: -76.0 z: -697.0 Acc 2: x: 1352.0 y: 328.0 z: 41.0
3352 L: 1 -7 2 R: 59 5 -3 D: 8191.0 Acc 1: x: 1770.0 y: -658.0 z: -517.0 Acc 2: x: 1546.0 y: 391.0 z: -20.0
3403 L: 2 -6 11 R: 3 3 -4 D: 8191.0 Acc 1: x: 1108.0 y: -872.0 z: 6.0 Acc 2: x: 1009.0 y: 187.0 z: 143.0
3452 L: 4 -2 17 R: -16 0 -3 D: 8191.0 Acc 1: x: 712.0 y: -465.0 z: -176.0 Acc 2: x: 719.0 y: 64.0 z: 258.0
3485 L: 4 -1 20 R: -32 -2 -3 D: 8191.0 Acc 1: x: 1776.0 y: 1050.0 z: -417.0 Acc 2: x: 815.0 y: 132.0 z: 277.0
3518 L: 4 -1 23 R: -29 -2 -4 D: 8191.0 Acc 1: x: 337.0 y: -414.0 z: -129.0 Acc 2: x: 1048.0 y: 174.0 z: 131.0
3568 L: 5 -1 22 R: -29 -1 -3 D: 8191.0 Acc 1: x: 262.0 y: -638.0 z: -143.0 Acc 2: x: 1005.0 y: 34.0 z: 215.0
3618 L: 5 0 17 R: -30 -2 -4 D: 8191.0 Acc 1: x: -677.0 y: -1017.0 z: 1918.0 Acc 2: x: 940.0 y: 125.0 z: 335.0
3667 L: 9 3 12 R: -31 -1 -4 D: 8191.0 Acc 1: x: 555.0 y: -401.0 z: -108.0 Acc 2: x: 947.0 y: 39.0 z: 312.0
3719 L: 9 3 12 R: -31 -2 -2 D: 8191.0 Acc 1: x: 845.0 y: -345.0 z: -107.0 Acc 2: x: 876.0 y: 79.0 z: 363.0
3768 L: 7 6 11 R: -30 -2 -4 D: 8191.0 Acc 1: x: 967.0 y: -402.0 z: -210.0 Acc 2: x: 763.0 y: 83.0 z: 305.0
3818 L: 9 8 5 R: -31 -2 -3 D: 8191.0 Acc 1: x: 1039.0 y: -497.0 z: -99.0 Acc 2: x: 550.0 y: -20.0 z: 361.0
3851 L: 13 23 -1 R: -31 -2 -4 D: 8191.0 Acc 1: x: 1183.0 y: -567.0 z: -43.0 Acc 2: x: 594.0 y: 12.0 z: 323.0
3902 L: 15 37 -2 R: -31 -1 -4 D: 103.0 Acc 1: x: 1385.0 y: 782.0 z: -688.0 Acc 2: x: 980.0 y: 128.0 z: 231.0
3951 L: 15 72 -1 R: -30 -2 -3 D: 103.0 Acc 1: x: 1628.0 y: -187.0 z: -39.0 Acc 2: x: 1324.0 y: 53.0 z: 103.0
3984 L: 16 92 -1 R: -19 -2 -3 D: 103.0 Acc 1: x: 1368.0 y: -23.0 z: -44.0 Acc 2: x: 1476.0 y: 10.0 z: 35.0
4034 L: 12 76 -2 R: -18 -2 -2 D: 8191.0 Acc 1: x: 1233.0 y: 513.0 z: -97.0 Acc 2: x: 1176.0 y: 51.0 z: 67.0
4085 L: 5 25 -4 R: -10 -2 -1 D: 8191.0 Acc 1: x: 1149.0 y: 156.0 z: -39.0 Acc 2: x: 823.0 y: 161.0 z: 293.0
4118 L: -3 -6 -4 R: -6 -1 2 D: 8191.0 Acc 1: x: 922.0 y: 159.0 z: -325.0 Acc 2: x: 833.0 y: 219.0 z: 454.0
4167 L: -5 -10 -4 R: -5 0 3 D: 8191.0 Acc 1: x: 1083.0 y: 188.0 z: -314.0 Acc 2: x: 1123.0 y: -1.0 z: 248.0
4217 L: -4 -10 -4 R: -7 -1 6 D: 8191.0 Acc 1: x: 1099.0 y: 94.0 z: -230.0 Acc 2: x: 1044.0 y: 85.0 z: 109.0
4250 L: -6 -10 -1 R: -9 -2 6 D: 8191.0 Acc 1: x: 1071.0 y: 61.0 z: -220.0 Acc 2: x: 993.0 y: 125.0 z: 134.0
4301 L: -7 -9 -2 R: -6 -1 5 D: 8191.0 Acc 1: x: 1052.0 y: -55.0 z: 0.0 Acc 2: x: 955.0 y: 108.0 z: 255.0
4350 L: -7 -10 0 R: -5 -2 5 D: 8191.0 Acc 1: x: 993.0 y: -35.0 z: -253.0 Acc 2: x: 919.0 y: 181.0 z: 245.0
4401 L: -7 -10 -1 R: -4 -1 2 D: 8191.0 Acc 1: x: 1034.0 y: -10.0 z: -221.0 Acc 2: x: 723.0 y: 124.0 z: 267.0
4433 L: -7 -10 0 R: -2 0 0 D: 8191.0 Acc 1: x: 1185.0 y: 205.0 z: -136.0 Acc 2: x: 747.0 y: 104.0 z: 270.0
4466 L: -5 -10 0 R: 6 0 -2 D: 8191.0 Acc 1: x: 1361.0 y: 1010.0 z: -80.0 Acc 2: x: 711.0 y: 221.0 z: 340.0
4516 L: -5 -9 2 R: 18 2 -3 D: 8191.0 Acc 1: x: 294.0 y: -405.0 z: -154.0 Acc 2: x: 778.0 y: 245.0 z: 137.0
4567 L: -1 -8 2 R: 48 4 -3 D: 125.0 Acc 1: x: 1654.0 y: -356.0 z: -357.0 Acc 2: x: 1285.0 y: 247.0 z: 111.0
4616 L: 3 -5 5 R: 38 5 -3 D: 8191.0 Acc 1: x: 1650.0 y: -663.0 z: -152.0 Acc 2: x: 1428.0 y: 156.0 z: 14.0
4648 L: 6 -1 11 R: 3 3 -3 D: 8191.0 Acc 1: x: 1249.0 y: -940.0 z: 335.0 Acc 2: x: 1177.0 y: 149.0 z: 91.0
4699 L: 4 0 19 R: -2 1 -4 D: 8191.0 Acc 1: x: 939.0 y: -639.0 z: -281.0 Acc 2: x: 841.0 y: 9.0 z: 214.0
4748 L: 1 -1 25 R: -29 0 -4 D: 8191.0 Acc 1: x: 1918.0 y: 685.0 z: -711.0 Acc 2: x: 764.0 y: 133.0 z: 354.0
4798 L: 1 -2 32 R: -30 -2 -4 D: 8191.0 Acc 1: x: 101.0 y: -816.0 z: 28.0 Acc 2: x: 1070.0 y: 55.0 z: 179.0
4831 L: -1 -3 35 R: -30 -2 -4 D: 8191.0 Acc 1: x: 982.0 y: -663.0 z: 1745.0 Acc 2: x: 1055.0 y: 89.0 z: 244.0
4881 L: -1 -2 36 R: -30 -2 -4 D: 8191.0 Acc 1: x: 1294.0 y: -134.0 z: -386.0 Acc 2: x: 965.0 y: 183.0 z: 273.0
4931 L: 0 0 35 R: -32 -1 -4 D: 8191.0 Acc 1: x: 547.0 y: -794.0 z: -11.0 Acc 2: x: 964.0 y: 90.0 z: 387.0
4982 L: -3 -4 44 R: -32 -1 -3 D: 8191.0 Acc 1: x: 942.0 y: -544.0 z: -334.0 Acc 2: x: 806.0 y: -55.0 z: 248.0
5031 L: -4 -8 53 R: -32 -2 -4 D: 8191.0 Acc 1: x: 1118.0 y: -615.0 z: 63.0 Acc 2: x: 594.0 y: -112.0 z: 152.0
5083 L: -5 -8 59 R: -31 -1 -2 D: 8191.0 Acc 1: x: 2762.0 y: 1737.0 z: 1669.0 Acc 2: x: 807.0 y: 66.0 z: 209.0
5133 L: -2 -6 49 R: -22 -2 -4 D: 129.0 Acc 1: x: 1556.0 y: 103.0 z: -888.0 Acc 2: x: 972.0 y: 180.0 z: 194.0
5184 L: 7 1 20 R: -13 -1 -3 D: 166.0 Acc 1: x: 924.0 y: 433.0 z: -238.0 Acc 2: x: 1245.0 y: 151.0 z: 91.0
5234 L: 15 17 2 R: -20 -1 -1 D: 8191.0 Acc 1: x: 1146.0 y: 606.0 z: -180.0 Acc 2: x: 1386.0 y: 174.0 z: 157.0
5267 L: 9 30 -2 R: -21 -1 2 D: 8191.0 Acc 1: x: 1266.0 y: 546.0 z: -342.0 Acc 2: x: 1199.0 y: 169.0 z: 42.0
5317 L: 5 13 -2 R: -21 -2 4 D: 8191.0 Acc 1: x: 1053.0 y: 266.0 z: -155.0 Acc 2: x: 868.0 y: 75.0 z: 122.0
5350 L: -3 -3 -4 R: -19 -1 4 D: 8191.0 Acc 1: x: 1001.0 y: -7.0 z: -134.0 Acc 2: x: 837.0 y: 224.0 z: 136.0
5401 L: -4 -10 -4 R: -15 0 4 D: 8191.0 Acc 1: x: 955.0 y: -239.0 z: -335.0 Acc 2: x: 815.0 y: 370.0 z: 257.0
5451 L: -7 -9 -3 R: -10 0 4 D: 8191.0 Acc 1: x: 948.0 y: -35.0 z: -229.0 Acc 2: x: 1021.0 y: 282.0 z: 267.0
5501 L: -5 -10 -4 R: -9 0 4 D: 8191.0 Acc 1: x: 1001.0 y: -236.0 z: -211.0 Acc 2: x: 895.0 y: 280.0 z: 132.0
5552 L: -5 -11 -2 R: -9 0 3 D: 8191.0 Acc 1: x: 1041.0 y: -149.0 z: -205.0 Acc 2: x: 975.0 y: 274.0 z: 268.0
5602 L: -7 -10 -1 R: -8 0 3 D: 8191.0 Acc 1: x: 1002.0 y: 55.0 z: -280.0 Acc 2: x: 877.0 y: 257.0 z: 301.0
5653 L: -7 -11 -1 R: -10 0 4 D: 8191.0 Acc 1: x: 1125.0 y: 276.0 z: -423.0 Acc 2: x: 736.0 y: 282.0 z: 248.0
5703 L: -7 -10 0 R: -10 0 1 D: 8191.0 Acc 1: x: 1205.0 y: 608.0 z: -296.0 Acc 2: x: 633.0 y: 294.0 z: 290.0
5753 L: -6 -10 1 R: 0 1 -1 D: 8191.0 Acc 1: x: 406.0 y: -975.0 z: 425.0 Acc 2: x: 590.0 y: 217.0 z: 166.0
5786 L: -5 -11 0 R: 30 3 -3 D: 8191.0 Acc 1: x: 1161.0 y: 295.0 z: -73.0 Acc 2: x: 729.0 y: 347.0 z: 252.0
5835 L: -5 -11 0 R: 50 6 -4 D: 98.0 Acc 1: x: 1333.0 y: -327.0 z: -513.0 Acc 2: x: 1175.0 y: 428.0 z: 167.0
5886 L: -1 -10 1 R: 71 9 -3 D: 8191.0 Acc 1: x: 1636.0 y: -480.0 z: -523.0 Acc 2: x: 1384.0 y: 378.0 z: -1.0
5919 L: 1 -7 3 R: 22 5 -4 D: 8191.0 Acc 1: x: 1635.0 y: -622.0 z: -331.0 Acc 2: x: 1237.0 y: 338.0 z: -3.0
5968 L: 1 -6 9 R: 8 3 -4 D: 8191.0 Acc 1: x: 1303.0 y: -573.0 z: -216.0 Acc 2: x: 1026.0 y: 157.0 z: 217.0
6001 L: 3 -2 20 R: -18 0 -4 D: 8191.0 Acc 1: x: 556.0 y: -679.0 z: 14.0 Acc 2: x: 862.0 y: 86.0 z: 325.0
6051 L: 2 0 20 R: -30 -1 -4 D: 8191.0 Acc 1: x: 591.0 y: -790.0 z: -149.0 Acc 2: x: 961.0 y: 300.0 z: 202.0
6084 L: 2 2 21 R: -29 -2 -4 D: 8191.0 Acc 1: x: 201.0 y: -951.0 z: 246.0 Acc 2: x: 1132.0 y: 81.0 z: 241.0
6134 L: 3 2 20 R: -29 -2 -4 D: 8191.0 Acc 1: x: 1207.0 y: -1665.0 z: -1218.0 Acc 2: x: 985.0 y: 246.0 z: 281.0
6167 L: 3 2 17 R: -30 -1 -4 D: 8191.0 Acc 1: x: 1271.0 y: 414.0 z: -732.0 Acc 2: x: 868.0 y: 255.0 z: 316.0
6217 L: 4 0 16 R: -30 -2 -4 D: 8191.0 Acc 1: x: 564.0 y: -582.0 z: 15.0 Acc 2: x: 997.0 y: -24.0 z: 332.0
6266 L: 3 1 17 R: -30 -1 -4 D: 8191.0 Acc 1: x: 924.0 y: -364.0 z: -105.0 Acc 2: x: 791.0 y: 94.0 z: 261.0
6299 L: 2 0 18 R: -31 -2 -4 D: 8191.0 Acc 1: x: 871.0 y: -595.0 z: -78.0 Acc 2: x: 706.0 y: 76.0 z: 268.0
6349 L: 3 1 18 R: -31 -2 -4 D: 8191.0 Acc 1: x: 1176.0 y: -601.0 z: -265.0 Acc 2: x: 628.0 y: 67.0 z: 281.0
6400 L: 7 6 4 R: -31 -2 -4 D: 0.0 Acc 1: x: -369.0 y: -1854.0 z: 874.0 Acc 2: x: 733.0 y: 132.0 z: 271.0
6450 L: 14 32 -1 R: -24 -2 -3 D: 96.0 Acc 1: x: 1212.0 y: 1183.0 z: -996.0 Acc 2: x: 1233.0 y: 151.0 z: 149.0
6500 L: 14 68 0 R: -11 -1 -3 D: 8191.0 Acc 1: x: 1976.0 y: 898.0 z: -608.0 Acc 2: x: 1568.0 y: 166.0 z: 57.0
6551 L: 13 50 -3 R: -10 -1 -2 D: 8191.0 Acc 1: x: 974.0 y: 302.0 z: 121.0 Acc 2: x: 1124.0 y: 119.0 z: 90.0
6600 L: 6 17 -2 R: -9 0 0 D: 8191.0 Acc 1: x: 1031.0 y: 194.0 z: 83.0 Acc 2: x: 746.0 y: 180.0 z: 171.0
6649 L: -4 -8 -3 R: -8 0 1 D: 8191.0 Acc 1: x: 904.0 y: 226.0 z: -572.0 Acc 2: x: 822.0 y: 222.0 z: 318.0
6700 L: -6 -10 -3 R: -6 0 3 D: 8191.0 Acc 1: x: 839.0 y: 188.0 z: -261.0 Acc 2: x: 1000.0 y: 321.0 z: 172.0
6732 L: -4 -9 -2 R: -4 0 4 D: 8191.0 Acc 1: x: 976.0 y: 57.0 z: -177.0 Acc 2: x: 970.0 y: 260.0 z: 164.0
6765 L: -6 -10 -1 R: -3 0 2 D: 8191.0 Acc 1: x: 1092.0 y: -159.0 z: 125.0 Acc 2: x: 1025.0 y: 210.0 z: 151.0
6815 L: -6 -11 -2 R: 0 0 0 D: 8191.0 Acc 1: x: 977.0 y: -94.0 z: -134.0 Acc 2: x: 874.0 y: 284.0 z: 312.0
6866 L: -6 -10 -2 R: 0 0 0 D: 8191.0 Acc 1: x: 951.0 y: -112.0 z: -314.0 Acc 2: x: 914.0 y: 291.0 z: 330.0
6916 L: -7 -10 -1 R: -3 0 0 D: 8191.0 Acc 1: x: 1093.0 y: 172.0 z: -251.0 Acc 2: x: 793.0 y: 315.0 z: 251.0
6966 L: -7 -10 -1 R: -7 0 1 D: 8191.0 Acc 1: x: 1208.0 y: 344.0 z: -217.0 Acc 2: x: 637.0 y: 256.0 z: 234.0
6999 L: -7 -11 1 R: -3 0 1 D: 8191.0 Acc 1: x: 1094.0 y: 926.0 z: -113.0 Acc 2: x: 602.0 y: 207.0 z: 328.0
7031 L: -5 -9 0 R: 6 0 -2 D: 8191.0 Acc 1: x: 1207.0 y: 854.0 z: -261.0 Acc 2: x: 653.0 y: 182.0 z: 152.0
7064 L: -6 -9 0 R: 28 2 -3 D: 8191.0 Acc 1: x: 1201.0 y: 492.0 z: -422.0 Acc 2: x: 793.0 y: 325.0 z: 367.0
7114 L: -4 -10 0 R: 55 5 -3 D: 107.0 Acc 1: x: 1916.0 y: -324.0 z: -531.0 Acc 2: x: 1289.0 y: 442.0 z: 90.0
7165 L: 1 -7 1 R: 71 6 -3 D: 8191.0 Acc 1: x: 1657.0 y: -1007.0 z: -167.0 Acc 2: x: 1365.0 y: 325.0 z: 32.0
7216 L: 4 -3 8 R: 4 2 -4 D: 8191.0 Acc 1: x: 1041.0 y: -758.0 z: 212.0 Acc 2: x: 1035.0 y: 137.0 z: 54.0
7266 L: 4 -1 14 R: -14 0 -3 D: 8191.0 Acc 1: x: 388.0 y: -560.0 z: -65.0 Acc 2: x: 879.0 y: 124.0 z: 246.0
7316 L: 2 2 20 R: -30 -2 -4 D: 8191.0 Acc 1: x: 584.0 y: -443.0 z: -454.0 Acc 2: x: 947.0 y: 275.0 z: 191.0
7349 L: 3 6 21 R: -30 -1 -4 D: 8191.0 Acc 1: x: 291.0 y: -506.0 z: -148.0 Acc 2: x: 1259.0 y: 167.0 z: 154.0
7399 L: 4 2 15 R: -30 -2 -4 D: 8191.0 Acc 1: x: -15.0 y: -1903.0 z: 52.0 Acc 2: x: 1074.0 y: 44.0 z: 325.0
7448 L: 5 2 13 R: -30 -1 -3 D: 8191.0 Acc 1: x: 340.0 y: -701.0 z: 164.0 Acc 2: x: 912.0 y: 172.0 z: 362.0
7481 L: 4 8 14 R: -31 -2 -3 D: 8191.0 Acc 1: x: 544.0 y: -484.0 z: 6.0 Acc 2: x: 853.0 y: 202.0 z: 317.0
7530 L: 4 6 15 R: -30 -2 -3 D: 8191.0 Acc 1: x: 866.0 y: -295.0 z: -382.0 Acc 2: x: 852.0 y: 135.0 z: 271.0
7580 L: 2 4 21 R: -30 -2 -3 D: 8191.0 Acc 1: x: 954.0 y: -667.0 z: -1.0 Acc 2: x: 735.0 y: 103.0 z: 210.0
7631 L: 3 3 21 R: -31 -2 -4 D: 8191.0 Acc 1: x: 1100.0 y: -708.0 z: 4.0 Acc 2: x: 553.0 y: 8.0 z: 224.0
7682 L: 8 14 2 R: -30 -2 -3 D: 141.0 Acc 1: x: 241.0 y: -1472.0 z: 727.0 Acc 2: x: 864.0 y: 88.0 z: 171.0
7731 L: 13 40 -1 R: -25 -2 -3 D: 153.0 Acc 1: x: 1575.0 y: -439.0 z: -239.0 Acc 2: x: 1247.0 y: 81.0 z: 66.0
7763 L: 9 61 -2 R: -8 -1 -2 D: 153.0 Acc 1: x: 1268.0 y: -141.0 z: -539.0 Acc 2: x: 1480.0 y: 127.0 z: 121.0
7814 L: 8 48 -2 R: -6 0 -1 D: 8191.0 Acc 1: x: 909.0 y: 339.0 z: -8.0 Acc 2: x: 1222.0 y: 134.0 z: 40.0
7864 L: 5 15 -4 R: -7 0 0 D: 8191.0 Acc 1: x: 1040.0 y: 442.0 z: -94.0 Acc 2: x: 820.0 y: 169.0 z: 137.0
7915 L: -4 -7 -4 R: -8 0 3 D: 8191.0 Acc 1: x: 1061.0 y: 248.0 z: -208.0 Acc 2: x: 859.0 y: 298.0 z: 247.0
7965 L: -6 -9 -4 R: -6 0 4 D: 8191.0 Acc 1: x: 904.0 y: 20.0 z: -480.0 Acc 2: x: 1019.0 y: 246.0 z: 187.0
7998 L: -5 -9 -4 R: -4 0 2 D: 8191.0 Acc 1: x: 899.0 y: -15.0 z: -332.0 Acc 2: x: 971.0 y: 402.0 z: 235.0
8047 L: -5 -10 -3 R: -1 0 3 D: 8191.0 Acc 1: x: 994.0 y: -222.0 z: -176.0 Acc 2: x: 1032.0 y: 164.0 z: 155.0
8097 L: -6 -10 -1 R: 3 0 3 D: 8191.0 Acc 1: x: 1057.0 y: -186.0 z: -129.0 Acc 2: x: 983.0 y: 313.0 z: 328.0
8148 L: -6 -11 0 R: 0 0 2 D: 8191.0 Acc 1: x: 985.0 y: -84.0 z: -230.0 Acc 2: x: 859.0 y: 271.0 z: 303.0
8198 L: -7 -10 -1 R: -7 0 3 D: 8191.0 Acc 1: x: 953.0 y: 46.0 z: -230.0 Acc 2: x: 718.0 y: 316.0 z: 223.0
8248 L: -6 -11 0 R: -12 -1 7 D: 8191.0 Acc 1: x: 1136.0 y: 398.0 z: -263.0 Acc 2: x: 685.0 y: 229.0 z: 224.0
8299 L: -6 -11 0 R: -12 -2 4 D: 8191.0 Acc 1: x: 1118.0 y: 903.0 z: -343.0 Acc 2: x: 523.0 y: 130.0 z: 228.0
8349 L: -5 -11 0 R: 5 0 0 D: 8191.0 Acc 1: x: 1080.0 y: -288.0 z: -227.0 Acc 2: x: 960.0 y: 235.0 z: 22.0
8399 L: -1 -8 0 R: 31 2 -3 D: 138.0 Acc 1: x: 1747.0 y: -305.0 z: -370.0 Acc 2: x: 1367.0 y: 435.0 z: 56.0
8451 L: 4 -5 2 R: 56 5 -3 D: 8191.0 Acc 1: x: 1763.0 y: -699.0 z: -150.0 Acc 2: x: 1417.0 y: 333.0 z: 1.0
8482 L: 4 -4 10 R: 0 2 -3 D: 8191.0 Acc 1: x: 1562.0 y: -634.0 z: 122.0 Acc 2: x: 1172.0 y: 119.0 z: 54.0
8534 L: 4 -1 12 R: -13 0 -3 D: 8191.0 Acc 1: x: 788.0 y: -978.0 z: -13.0 Acc 2: x: 772.0 y: 104.0 z: 143.0
8583 L: 2 2 16 R: -28 -1 -4 D: 8191.0 Acc 1: x: 1725.0 y: 1061.0 z: -529.0 Acc 2: x: 950.0 y: 130.0 z: 318.0
8633 L: 3 8 18 R: -30 -1 -4 D: 8191.0 Acc 1: x: 163.0 y: -511.0 z: -130.0 Acc 2: x: 1154.0 y: 119.0 z: 170.0
8666 L: 5 7 13 R: -30 -2 -3 D: 8191.0 Acc 1: x: 216.0 y: -524.0 z: -47.0 Acc 2: x: 1155.0 y: 20.0 z: 286.0
8717 L: 7 10 9 R: -30 -1 -3 D: 8191.0 Acc 1: x: 1307.0 y: 334.0 z: -456.0 Acc 2: x: 911.0 y: 229.0 z: 213.0
8766 L: 7 11 6 R: -32 -2 -4 D: 8191.0 Acc 1: x: 968.0 y: -379.0 z: 41.0 Acc 2: x: 895.0 y: 134.0 z: 340.0
8815 L: 6 9 7 R: -30 -2 -3 D: 8191.0 Acc 1: x: 939.0 y: -419.0 z: -196.0 Acc 2: x: 743.0 y: 89.0 z: 283.0
8865 L: 4 3 16 R: -31 -2 -3 D: 8191.0 Acc 1: x: 1057.0 y: -610.0 z: -134.0 Acc 2: x: 630.0 y: 55.0 z: 265.0
8916 L: 4 0 25 R: -30 -2 -3 D: 8191.0 Acc 1: x: 2377.0 y: 576.0 z: -1689.0 Acc 2: x: 572.0 y: 79.0 z: 353.0
8966 L: 6 6 14 R: -28 -1 -3 D: 137.0 Acc 1: x: 1822.0 y: 679.0 z: 66.0 Acc 2: x: 780.0 y: -17.0 z: 227.0
9016 L: 14 21 1 R: -24 -2 -2 D: 137.0 Acc 1: x: 1346.0 y: 265.0 z: -699.0 Acc 2: x: 1303.0 y: 95.0 z: 152.0
9066 L: 21 50 0 R: -15 -2 -4 D: 8191.0 Acc 1: x: 1250.0 y: 68.0 z: -151.0 Acc 2: x: 1544.0 y: 179.0 z: 94.0
9116 L: 11 49 -2 R: -13 0 0 D: 8191.0 Acc 1: x: 1034.0 y: 352.0 z: 341.0 Acc 2: x: 1160.0 y: 188.0 z: 36.0
9149 L: 4 7 -4 R: -11 0 0 D: 8191.0 Acc 1: x: 1012.0 y: 217.0 z: -185.0 Acc 2: x: 917.0 y: 235.0 z: 168.0
9198 L: -1 -5 -3 R: -7 0 0 D: 8191.0 Acc 1: x: 899.0 y: -73.0 z: -21.0 Acc 2: x: 789.0 y: 330.0 z: 287.0
9248 L: -5 -9 -3 R: -5 0 1 D: 8191.0 Acc 1: x: 981.0 y: -33.0 z: -209.0 Acc 2: x: 1057.0 y: 256.0 z: 262.0
9298 L: -6 -10 -3 R: -3 0 2 D: 8191.0 Acc 1: x: 927.0 y: -231.0 z: -42.0 Acc 2: x: 974.0 y: 253.0 z: 98.0
9349 L: -6 -9 -2 R: -3 0 3 D: 8191.0 Acc 1: x: 1002.0 y: -190.0 z: -102.0 Acc 2: x: 865.0 y: 281.0 z: 171.0
9398 L: -7 -9 0 R: -4 0 4 D: 8191.0 Acc 1: x: 977.0 y: -179.0 z: -285.0 Acc 2: x: 944.0 y: 250.0 z: 301.0
9448 L: -6 -10 -1 R: -7 0 4 D: 8191.0 Acc 1: x: 1079.0 y: 89.0 z: -160.0 Acc 2: x: 855.0 y: 358.0 z: 258.0
9498 L: -6 -11 0 R: -17 -1 7 D: 8191.0 Acc 1: x: 1223.0 y: 510.0 z: -367.0 Acc 2: x: 614.0 y: 211.0 z: 209.0
9548 L: -6 -10 0 R: -22 -1 9 D: 8191.0 Acc 1: x: 938.0 y: 860.0 z: -293.0 Acc 2: x: 512.0 y: -17.0 z: 177.0
9598 L: -5 -10 -1 R: -11 -2 0 D: 8191.0 Acc 1: x: 1152.0 y: 104.0 z: -132.0 Acc 2: x: 1035.0 y: 278.0 z: 213.0
9649 L: 0 -8 0 R: 13 1 -1 D: 115.0 Acc 1: x: 1861.0 y: -279.0 z: -205.0 Acc 2: x: 1286.0 y: 439.0 z: 45.0
9699 L: 3 -6 5 R: 47 4 -3 D: 8191.0 Acc 1: x: 1940.0 y: -368.0 z: -493.0 Acc 2: x: 1491.0 y: 465.0 z: 84.0
9749 L: 2 -5 10 R: 13 5 -3 D: 8191.0 Acc 1: x: 1592.0 y: -556.0 z: -88.0 Acc 2: x: 1167.0 y: 241.0 z: 91.0
9800 L: 1 -4 19 R: -10 0 -4 D: 8191.0 Acc 1: x: 846.0 y: -1039.0 z: -148.0 Acc 2: x: 795.0 y: 133.0 z: 210.0
9850 L: 2 -3 22 R: -28 -1 -4 D: 8191.0 Acc 1: x: 1805.0 y: 912.0 z: -528.0 Acc 2: x: 823.0 y: 132.0 z: 228.0
9883 L: 2 -2 24 R: -30 -2 -4 D: 8191.0 Acc 1: x: 323.0 y: -511.0 z: -95.0 Acc 2: x: 1074.0 y: 103.0 z: 100.0
9933 L: 2 -3 22 R: -30 -2 -4 D: 8191.0 Acc 1: x: 219.0 y: -733.0 z: -140.0 Acc 2: x: 1106.0 y: 37.0 z: 258.0
9982 L: 3 -2 23 R: -31 -2 -4 D: 8191.0 Acc 1: x: -99.0 y: -873.0 z: 1123.0 Acc 2: x: 906.0 y: 136.0 z: 244.0
10033 L: 2 -3 26 R: -30 -1 -4 D: 8191.0 Acc 1: x: 830.0 y: -355.0 z: -187.0 Acc 2: x: 913.0 y: 81.0 z: 286.0
10083 L: 2 -5 29 R: -30 -1 -4 D: 8191.0 Acc 1: x: 979.0 y: -320.0 z: -456.0 Acc 2: x: 883.0 y: 14.0 z: 267.0
10132 L: 0 -4 37 R: -30 -2 -4 D: 8191.0 Acc 1: x: 1006.0 y: -380.0 z: -296.0 Acc 2: x: 750.0 y: 34.0 z: 286.0
10182 L: -1 -6 47 R: -30 -2 -4 D: 8191.0 Acc 1: x: 1221.0 y: -459.0 z: 157.0 Acc 2: x: 695.0 y: -99.0 z: 260.0
10233 L: -1 -5 50 R: -29 -2 -3 D: 233.0 Acc 1: x: 979.0 y: -581.0 z: 178.0 Acc 2: x: 720.0 y: 187.0 z: 219.0
10283 L: 8 0 21 R: -27 -1 -4 D: 118.0 Acc 1: x: 1316.0 y: 440.0 z: -1071.0 Acc 2: x: 986.0 y: 248.0 z: 202.0
10334 L: 19 26 1 R: -20 -2 -3 D: 8191.0 Acc 1: x: 1200.0 y: 416.0 z: -173.0 Acc 2: x: 1342.0 y: 64.0 z: 120.0
10366 L: 12 48 0 R: -21 -1 -1 D: 8191.0 Acc 1: x: 936.0 y: 407.0 z: -521.0 Acc 2: x: 1393.0 y: 9.0 z: 54.0
10416 L: 8 58 -2 R: -19 -1 0 D: 8191.0 Acc 1: x: 1251.0 y: 155.0 z: -637.0 Acc 2: x: 1135.0 y: 28.0 z: 146.0
10467 L: 2 11 -3 R: -11 -1 0 D: 8191.0 Acc 1: x: 1033.0 y: -19.0 z: -116.0 Acc 2: x: 884.0 y: 245.0 z: 242.0
10516 L: -3 -5 -3 R: -6 -2 1 D: 8191.0 Acc 1: x: 1038.0 y: -24.0 z: -219.0 Acc 2: x: 842.0 y: 233.0 z: 336.0
10567 L: -6 -10 -4 R: -1 0 0 D: 8191.0 Acc 1: x: 972.0 y: -203.0 z: -326.0 Acc 2: x: 1055.0 y: 122.0 z: 205.0
10616 L: -5 -9 -4 R: 0 0 -1 D: 8191.0 Acc 1: x: 989.0 y: -245.0 z: -104.0 Acc 2: x: 925.0 y: 346.0 z: 250.0
10665 L: -6 -10 -2 R: 1 0 0 D: 8191.0 Acc 1: x: 993.0 y: -127.0 z: -81.0 Acc 2: x: 936.0 y: 305.0 z: 291.0
10716 L: -6 -11 0 R: -1 1 1 D: 8191.0 Acc 1: x: 1009.0 y: -4.0 z: -182.0 Acc 2: x: 895.0 y: 251.0 z: 300.0
10766 L: -7 -10 0 R: -5 0 1 D: 8191.0 Acc 1: x: 994.0 y: 104.0 z: -263.0 Acc 2: x: 768.0 y: 291.0 z: 255.0
10816 L: -8 -11 0 R: -5 0 1 D: 8191.0 Acc 1: x: 1142.0 y: 720.0 z: -195.0 Acc 2: x: 709.0 y: 155.0 z: 163.0
10849 L: -6 -10 0 R: -4 0 0 D: 8191.0 Acc 1: x: 1190.0 y: 878.0 z: -181.0 Acc 2: x: 421.0 y: 183.0 z: 173.0
10899 L: -4 -11 0 R: 2 0 -2 D: 8191.0 Acc 1: x: 819.0 y: -421.0 z: -185.0 Acc 2: x: 952.0 y: 312.0 z: 177.0
10949 L: -3 -10 0 R: 31 4 -3 D: 129.0 Acc 1: x: 1662.0 y: -347.0 z: -268.0 Acc 2: x: 1269.0 y: 339.0 z: 145.0
10999 L: 5 -4 0 R: 53 5 -3 D: 129.0 Acc 1: x: 1773.0 y: -635.0 z: -230.0 Acc 2: x: 1438.0 y: 212.0 z: 84.0
11049 L: 7 -1 6 R: 3 3 -3 D: 8191.0 Acc 1: x: 1178.0 y: -804.0 z: 286.0 Acc 2: x: 1119.0 y: 104.0 z: 96.0
11100 L: 4 -2 15 R: -8 0 -3 D: 8191.0 Acc 1: x: 751.0 y: -584.0 z: -145.0 Acc 2: x: 837.0 y: 100.0 z: 289.0
11132 L: 3 0 24 R: -30 -1 -4 D: 8191.0 Acc 1: x: 1915.0 y: 1329.0 z: -609.0 Acc 2: x: 874.0 y: 119.0 z: 349.0
11183 L: 4 0 29 R: -30 -1 -4 D: 8191.0 Acc 1: x: 334.0 y: -599.0 z: -150.0 Acc 2: x: 1164.0 y: 82.0 z: 134.0
11233 L: 2 -3 32 R: -30 -1 -4 D: 8191.0 Acc 1: x: 1443.0 y: 1.0 z: 1156.0 Acc 2: x: 947.0 y: 240.0 z: 328.0
11283 L: 2 -5 38 R: -30 -2 -4 D: 8191.0 Acc 1: x: 1740.0 y: 448.0 z: -459.0 Acc 2: x: 1008.0 y: 145.0 z: 319.0
11316 L: -1 -6 43 R: -31 -2 -3 D: 8191.0 Acc 1: x: 876.0 y: -772.0 z: -265.0 Acc 2: x: 1051.0 y: 52.0 z: 331.0
11366 L: -1 -7 48 R: -31 -2 -3 D: 8191.0 Acc 1: x: 1012.0 y: -377.0 z: -464.0 Acc 2: x: 674.0 y: -83.0 z: 245.0
11415 L: -1 -8 48 R: -32 -3 -3 D: 8191.0 Acc 1: x: 1048.0 y: -518.0 z: -328.0 Acc 2: x: 675.0 y: -37.0 z: 236.0
11449 L: 0 -7 43 R: -32 -2 -4 D: 8191.0 Acc 1: x: 2365.0 y: 899.0 z: 1277.0 Acc 2: x: 567.0 y: 127.0 z: 167.0
11499 L: 4 -3 23 R: -30 -2 -3 D: 153.0 Acc 1: x: 2452.0 y: -341.0 z: 2136.0 Acc 2: x: 911.0 y: 91.0 z: 22.0
11550 L: 15 18 2 R: -21 -2 -3 D: 89.0 Acc 1: x: 1351.0 y: 14.0 z: -162.0 Acc 2: x: 1341.0 y: 33.0 z: 72.0
11583 L: 21 51 0 R: -14 -1 -3 D: 89.0 Acc 1: x: 1535.0 y: 1122.0 z: -505.0 Acc 2: x: 1490.0 y: 134.0 z: -11.0
11616 L: 12 59 -1 R: -15 0 -1 D: 89.0 Acc 1: x: 867.0 y: 347.0 z: -503.0 Acc 2: x: 1454.0 y: 68.0 z: -54.0
11666 L: 7 32 -3 R: -16 0 0 D: 8191.0 Acc 1: x: 932.0 y: 166.0 z: -136.0 Acc 2: x: 930.0 y: 183.0 z: 124.0
11716 L: 0 3 -4 R: -15 0 1 D: 8191.0 Acc 1: x: 1027.0 y: 121.0 z: -185.0 Acc 2: x: 803.0 y: 157.0 z: 252.0
11766 L: -5 -10 -4 R: -14 0 5 D: 8191.0 Acc 1: x: 1009.0 y: -197.0 z: -216.0 Acc 2: x: 925.0 y: 188.0 z: 313.0
11799 L: -7 -9 -4 R: -12 0 5 D: 8191.0 Acc 1: x: 1041.0 y: -88.0 z: -172.0 Acc 2: x: 1044.0 y: 265.0 z: 238.0
11850 L: -4 -9 -4 R: -12 0 5 D: 8191.0 Acc 1: x: 954.0 y: -184.0 z: -338.0 Acc 2: x: 926.0 y: 370.0 z: 264.0
11899 L: -6 -10 -2 R: -12 0 7 D: 8191.0 Acc 1: x: 975.0 y: -149.0 z: -224.0 Acc 2: x: 925.0 y: 323.0 z: 226.0
11932 L: -7 -10 -2 R: -16 0 9 D: 8191.0 Acc 1: x: 1061.0 y: -39.0 z: -191.0 Acc 2: x: 916.0 y: 365.0 z: 250.0
11965 L: -6 -11 0 R: -23 -1 12 D: 8191.0 Acc 1: x: 1053.0 y: -14.0 z: -117.0 Acc 2: x: 886.0 y: 348.0 z: 210.0
11999 L: -7 -10 0 R: -25 -2 17 D: 8191.0 Acc 1: x: 1125.0 y: 56.0 z: -99.0 Acc 2: x: 815.0 y: 299.0 z: 257.0
12049 L: -7 -10 0 R: -27 -2 19 D: 8191.0 Acc 1: x: 1228.0 y: 427.0 z: -277.0 Acc 2: x: 686.0 y: 265.0 z: 300.0
12099 L: -6 -11 1 R: -25 -2 14 D: 8191.0 Acc 1: x: 880.0 y: 1058.0 z: -392.0 Acc 2: x: 525.0 y: 151.0 z: 94.0
12132 L: -7 -10 0 R: -19 -1 4 D: 8191.0 Acc 1: x: 509.0 y: -971.0 z: -65.0 Acc 2: x: 480.0 y: 156.0 z: 212.0
12165 L: -5 -10 0 R: -14 0 3 D: 8191.0 Acc 1: x: 1064.0 y: 68.0 z: -65.0 Acc 2: x: 1307.0 y: 330.0 z: 231.0
12214 L: 0 -10 1 R: 7 1 0 D: 102.0 Acc 1: x: 1468.0 y: -93.0 z: -5.0 Acc 2: x: 1182.0 y: 360.0 z: 23.0
12247 L: -2 -10 4 R: 41 6 -3 D: 102.0 Acc 1: x: 1787.0 y: -387.0 z: -488.0 Acc 2: x: 1287.0 y: 393.0 z: 36.0
12297 L: -3 -10 6 R: 53 9 -3 D: 102.0 Acc 1: x: 1584.0 y: -800.0 z: -443.0 Acc 2: x: 1172.0 y: 298.0 z: 95.0
12348 L: -1 -7 13 R: -5 3 -4 D: 8191.0 Acc 1: x: 1072.0 y: -781.0 z: 1.0 Acc 2: x: 1008.0 y: 231.0 z: 257.0
12397 L: 0 -3 19 R: -22 -1 -4 D: 8191.0 Acc 1: x: 593.0 y: -248.0 z: 143.0 Acc 2: x: 929.0 y: 59.0 z: 402.0
12430 L: 0 0 24 R: -31 -1 -3 D: 8191.0 Acc 1: x: 1027.0 y: -262.0 z: -305.0 Acc 2: x: 884.0 y: 197.0 z: 332.0
12480 L: 0 4 22 R: -30 -1 -3 D: 8191.0 Acc 1: x: -35.0 y: -905.0 z: 55.0 Acc 2: x: 1112.0 y: 111.0 z: 378.0
12529 L: 2 1 20 R: -30 -1 -4 D: 8191.0 Acc 1: x: 934.0 y: 968.0 z: -1153.0 Acc 2: x: 1071.0 y: 108.0 z: 287.0
12579 L: 0 2 21 R: -31 -2 -3 D: 8191.0 Acc 1: x: 807.0 y: -667.0 z: -10.0 Acc 2: x: 707.0 y: 46.0 z: 293.0
12612 L: -2 2 22 R: -32 -2 -4 D: 8191.0 Acc 1: x: 795.0 y: -765.0 z: -120.0 Acc 2: x: 696.0 y: 70.0 z: 283.0
12662 L: -2 -3 24 R: -31 -2 -3 D: 8191.0 Acc 1: x: 1209.0 y: -548.0 z: -2.0 Acc 2: x: 554.0 y: 90.0 z: 296.0
12712 L: 0 -5 25 R: -31 -2 -3 D: 8191.0 Acc 1: x: 1013.0 y: -843.0 z: 938.0 Acc 2: x: 546.0 y: 140.0 z: 173.0
12763 L: 4 5 12 R: -29 -2 -4 D: 126.0 Acc 1: x: 1676.0 y: -1140.0 z: 1214.0 Acc 2: x: 1019.0 y: 48.0 z: 94.0
12795 L: 15 24 1 R: -14 -2 -3 D: 126.0 Acc 1: x: 1386.0 y: -152.0 z: -718.0 Acc 2: x: 1358.0 y: 132.0 z: 165.0
12846 L: 13 46 0 R: -11 0 -2 D: 8191.0 Acc 1: x: 893.0 y: 448.0 z: 194.0 Acc 2: x: 1662.0 y: 205.0 z: 103.0
12878 L: 5 28 -1 R: -7 0 0 D: 8191.0 Acc 1: x: 1251.0 y: 490.0 z: 225.0 Acc 2: x: 1311.0 y: 138.0 z: 86.0
12929 L: 3 4 -3 R: -7 0 2 D: 8191.0 Acc 1: x: 914.0 y: 131.0 z: -233.0 Acc 2: x: 718.0 y: 208.0 z: 156.0
12961 L: -4 -9 -3 R: -11 0 2 D: 8191.0 Acc 1: x: 895.0 y: 100.0 z: -678.0 Acc 2: x: 670.0 y: 334.0 z: 130.0
13011 L: -7 -9 -3 R: -13 0 4 D: 8191.0 Acc 1: x: 849.0 y: 83.0 z: -455.0 Acc 2: x: 1084.0 y: 350.0 z: 179.0
13044 L: -5 -10 -3 R: -11 0 4 D: 8191.0 Acc 1: x: 962.0 y: -163.0 z: -236.0 Acc 2: x: 1019.0 y: 368.0 z: 153.0
13094 L: -7 -10 -1 R: -12 0 4 D: 8191.0 Acc 1: x: 1113.0 y: -133.0 z: 82.0 Acc 2: x: 882.0 y: 347.0 z: 183.0
13145 L: -6 -11 0 R: -13 0 6 D: 8191.0 Acc 1: x: 998.0 y: -93.0 z: -47.0 Acc 2: x: 899.0 y: 416.0 z: 205.0
13194 L: -6 -10 0 R: -12 0 7 D: 8191.0 Acc 1: x: 822.0 y: -167.0 z: -274.0 Acc 2: x: 877.0 y: 405.0 z: 234.0
13244 L: -7 -10 0 R: -16 0 11 D: 8191.0 Acc 1: x: 868.0 y: -139.0 z: -537.0 Acc 2: x: 817.0 y: 333.0 z: 236.0
13278 L: -6 -11 0 R: -15 -1 11 D: 8191.0 Acc 1: x: 1096.0 y: 119.0 z: -411.0 Acc 2: x: 817.0 y: 379.0 z: 262.0
13328 L: -5 -10 0 R: -16 -2 11 D: 8191.0 Acc 1: x: 1439.0 y: 873.0 z: -94.0 Acc 2: x: 730.0 y: 329.0 z: 175.0
13378 L: -5 -10 0 R: -11 -2 4 D: 8191.0 Acc 1: x: 376.0 y: -1303.0 z: 693.0 Acc 2: x: 547.0 y: 219.0 z: 153.0
13428 L: -7 -10 0 R: 5 1 -1 D: 155.0 Acc 1: x: 962.0 y: -303.0 z: -81.0 Acc 2: x: 1070.0 y: 306.0 z: 48.0
13479 L: -1 -9 0 R: 38 5 -4 D: 163.0 Acc 1: x: 1748.0 y: -404.0 z: -705.0 Acc 2: x: 1251.0 y: 429.0 z: 63.0
13512 L: 2 -7 5 R: 43 6 -4 D: 163.0 Acc 1: x: 1778.0 y: -852.0 z: -601.0 Acc 2: x: 1526.0 y: 429.0 z: 115.0
13562 L: 2 -6 13 R: 0 4 -3 D: 8191.0 Acc 1: x: 1129.0 y: -817.0 z: 93.0 Acc 2: x: 1008.0 y: 128.0 z: 83.0
13613 L: 0 -2 21 R: -14 0 -4 D: 8191.0 Acc 1: x: 602.0 y: -659.0 z: -127.0 Acc 2: x: 873.0 y: 96.0 z: 239.0
13663 L: 1 1 23 R: -30 -1 -4 D: 8191.0 Acc 1: x: 1055.0 y: -488.0 z: -289.0 Acc 2: x: 1127.0 y: 295.0 z: 263.0
13696 L: 3 4 23 R: -31 -1 -3 D: 8191.0 Acc 1: x: 304.0 y: -413.0 z: -213.0 Acc 2: x: 1116.0 y: 84.0 z: 233.0
13746 L: 3 6 23 R: -31 -2 -4 D: 8191.0 Acc 1: x: -226.0 y: -1721.0 z: 1507.0 Acc 2: x: 928.0 y: 140.0 z: 254.0
13779 L: 2 4 28 R: -30 -1 -3 D: 8191.0 Acc 1: x: 669.0 y: -818.0 z: 246.0 Acc 2: x: 874.0 y: 151.0 z: 267.0
13830 L: 0 2 28 R: -31 -1 -4 D: 8191.0 Acc 1: x: 738.0 y: -484.0 z: -133.0 Acc 2: x: 789.0 y: 125.0 z: 302.0
13862 L: -1 -5 37 R: -32 -3 -3 D: 8191.0 Acc 1: x: 791.0 y: -699.0 z: 39.0 Acc 2: x: 671.0 y: 88.0 z: 291.0
13914 L: -2 -6 40 R: -31 -1 -4 D: 8191.0 Acc 1: x: 1003.0 y: -699.0 z: -113.0 Acc 2: x: 687.0 y: 25.0 z: 260.0
13946 L: 0 -3 37 R: -31 -1 -3 D: 8191.0 Acc 1: x: 1831.0 y: -385.0 z: 1540.0 Acc 2: x: 614.0 y: 70.0 z: 197.0
13997 L: 3 0 20 R: -29 -2 -3 D: 155.0 Acc 1: x: 2141.0 y: 941.0 z: 1193.0 Acc 2: x: 834.0 y: 83.0 z: 162.0
14047 L: 11 19 0 R: -19 -2 -3 D: 186.0 Acc 1: x: 1571.0 y: -120.0 z: -718.0 Acc 2: x: 1346.0 y: 173.0 z: 168.0
14096 L: 20 46 -1 R: -15 -1 -2 D: 8191.0 Acc 1: x: 640.0 y: 562.0 z: -45.0 Acc 2: x: 1408.0 y: 77.0 z: -18.0
14129 L: 8 55 -1 R: -14 -1 -2 D: 8191.0 Acc 1: x: 1319.0 y: 449.0 z: -44.0 Acc 2: x: 1328.0 y: 65.0 z: 2.0
14179 L: 4 27 -3 R: -14 0 1 D: 8191.0 Acc 1: x: 1186.0 y: 539.0 z: 228.0 Acc 2: x: 829.0 y: 226.0 z: 91.0
14228 L: 0 0 -4 R: -13 0 3 D: 8191.0 Acc 1: x: 1063.0 y: 63.0 z: -126.0 Acc 2: x: 866.0 y: 261.0 z: 227.0
14278 L: -6 -9 -4 R: -8 0 5 D: 8191.0 Acc 1: x: 823.0 y: -164.0 z: -388.0 Acc 2: x: 993.0 y: 168.0 z: 344.0
14311 L: -5 -10 -3 R: -6 -1 6 D: 8191.0 Acc 1: x: 1006.0 y: -123.0 z: -369.0 Acc 2: x: 1048.0 y: 192.0 z: 280.0
14345 L: -4 -8 -2 R: -6 -1 6 D: 8191.0 Acc 1: x: 970.0 y: -189.0 z: -70.0 Acc 2: x: 952.0 y: 203.0 z: 266.0
14395 L: -6 -9 -3 R: -6 -2 7 D: 8191.0 Acc 1: x: 1010.0 y: -147.0 z: -126.0 Acc 2: x: 916.0 y: 227.0 z: 311.0
14445 L: -6 -10 -3 R: -9 -1 10 D: 8191.0 Acc 1: x: 1030.0 y: -63.0 z: -193.0 Acc 2: x: 873.0 y: 218.0 z: 305.0
14495 L: -6 -10 -2 R: -15 -2 10 D: 8191.0 Acc 1: x: 1003.0 y: -79.0 z: -254.0 Acc 2: x: 788.0 y: 347.0 z: 237.0
14546 L: -7 -10 -1 R: -18 -1 10 D: 8191.0 Acc 1: x: 1110.0 y: 210.0 z: -317.0 Acc 2: x: 794.0 y: 168.0 z: 335.0
14597 L: -5 -10 -1 R: -18 -2 7 D: 8191.0 Acc 1: x: 1132.0 y: 773.0 z: -113.0 Acc 2: x: 657.0 y: 73.0 z: 168.0
14647 L: -5 -5 -2 R: -11 -2 1 D: 8191.0 Acc 1: x: 436.0 y: -912.0 z: 257.0 Acc 2: x: 746.0 y: 129.0 z: 41.0
14697 L: -4 -3 -1 R: 13 1 -1 D: 128.0 Acc 1: x: 1418.0 y: -199.0 z: -366.0 Acc 2: x: 1243.0 y: 263.0 z: 49.0
14747 L: -1 -2 0 R: 50 5 -3 D: 216.0 Acc 1: x: 1767.0 y: -423.0 z: -477.0 Acc 2: x: 1422.0 y: 290.0 z: -39.0
14780 L: 1 -2 1 R: 23 7 -3 D: 216.0 Acc 1: x: 1702.0 y: -573.0 z: -234.0 Acc 2: x: 1389.0 y: 314.0 z: 4.0
14830 L: 3 -1 6 R: -2 2 -4 D: 8191.0 Acc 1: x: 954.0 y: -735.0 z: -82.0 Acc 2: x: 999.0 y: 179.0 z: 175.0
14879 L: 1 0 11 R: -19 0 -4 D: 8191.0 Acc 1: x: 403.0 y: -505.0 z: -41.0 Acc 2: x: 841.0 y: 149.0 z: 281.0
14929 L: 2 3 17 R: -30 -1 -3 D: 8191.0 Acc 1: x: 422.0 y: -697.0 z: 0.0 Acc 2: x: 1051.0 y: 171.0 z: 181.0
14980 L: 3 4 21 R: -30 -2 -4 D: 8191.0 Acc 1: x: 104.0 y: -828.0 z: -25.0 Acc 2: x: 999.0 y: 229.0 z: 323.0
15029 L: 3 3 23 R: -30 -2 -4 D: 8191.0 Acc 1: x: 233.0 y: -228.0 z: 203.0 Acc 2: x: 966.0 y: 218.0 z: 291.0
15079 L: 4 3 24 R: -30 -2 -3 D: 8191.0 Acc 1: x: 985.0 y: -295.0 z: -216.0 Acc 2: x: 924.0 y: 75.0 z: 279.0
15130 L: 2 0 26 R: -31 -2 -4 D: 8191.0 Acc 1: x: 862.0 y: -424.0 z: -117.0 Acc 2: x: 803.0 y: 70.0 z: 304.0
15163 L: 0 -4 33 R: -32 -2 -3 D: 8191.0 Acc 1: x: 967.0 y: -491.0 z: -140.0 Acc 2: x: 680.0 y: 44.0 z: 240.0
15212 L: -1 -4 36 R: -31 -2 -4 D: 8191.0 Acc 1: x: 994.0 y: -666.0 z: -170.0 Acc 2: x: 509.0 y: 88.0 z: 259.0
15262 L: 2 -2 25 R: -29 -2 -3 D: 8191.0 Acc 1: x: 1625.0 y: 1348.0 z: 512.0 Acc 2: x: 719.0 y: 125.0 z: 275.0
15312 L: 10 15 2 R: -23 -1 -4 D: 113.0 Acc 1: x: 1881.0 y: -733.0 z: 26.0 Acc 2: x: 1307.0 y: 145.0 z: 199.0
15363 L: 22 42 0 R: -18 -2 0 D: 8191.0 Acc 1: x: 261.0 y: 530.0 z: 410.0 Acc 2: x: 1399.0 y: 119.0 z: -55.0
15395 L: 9 53 -3 R: -14 -1 -1 D: 8191.0 Acc 1: x: 1421.0 y: 338.0 z: -263.0 Acc 2: x: 1483.0 y: 128.0 z: 49.0
15428 L: 5 27 -3 R: -12 0 1 D: 8191.0 Acc 1: x: 747.0 y: 499.0 z: -151.0 Acc 2: x: 1061.0 y: 46.0 z: 50.0
15478 L: 0 6 -3 R: -12 0 1 D: 8191.0 Acc 1: x: 936.0 y: -78.0 z: -617.0 Acc 2: x: 685.0 y: 263.0 z: 196.0
15529 L: -5 -8 -3 R: -7 0 3 D: 8191.0 Acc 1: x: 979.0 y: 105.0 z: -261.0 Acc 2: x: 837.0 y: 173.0 z: 333.0
15579 L: -7 -10 -4 R: -5 0 4 D: 8191.0 Acc 1: x: 958.0 y: -88.0 z: -181.0 Acc 2: x: 996.0 y: 188.0 z: 156.0
15611 L: -5 -9 -4 R: -2 0 3 D: 8191.0 Acc 1: x: 1038.0 y: -198.0 z: -66.0 Acc 2: x: 985.0 y: 225.0 z: 182.0
15661 L: -6 -10 -3 R: -3 0 2 D: 8191.0 Acc 1: x: 1035.0 y: -95.0 z: -3.0 Acc 2: x: 1001.0 y: 281.0 z: 275.0
15712 L: -7 -10 -2 R: -6 0 4 D: 8191.0 Acc 1: x: 995.0 y: -6.0 z: -247.0 Acc 2: x: 928.0 y: 209.0 z: 279.0
15762 L: -7 -11 -1 R: -11 -1 6 D: 8191.0 Acc 1: x: 1080.0 y: 154.0 z: -326.0 Acc 2: x: 877.0 y: 250.0 z: 257.0
15813 L: -6 -10 0 R: -13 -1 7 D: 8191.0 Acc 1: x: 1212.0 y: 583.0 z: -252.0 Acc 2: x: 688.0 y: 132.0 z: 250.0
15846 L: -6 -10 0 R: -14 -1 7 D: 8191.0 Acc 1: x: 1181.0 y: 875.0 z: -121.0 Acc 2: x: 625.0 y: 2.0 z: 233.0
15879 L: -2 -10 -1 R: -8 -1 3 D: 8191.0 Acc 1: x: 726.0 y: 215.0 z: -151.0 Acc 2: x: 576.0 y: 3.0 z: 41.0
15911 L: -3 -8 -2 R: 3 0 -1 D: 8191.0 Acc 1: x: 1355.0 y: 354.0 z: -406.0 Acc 2: x: 811.0 y: 301.0 z: 221.0
15962 L: -1 -5 -1 R: 17 2 -2 D: 118.0 Acc 1: x: 1887.0 y: -361.0 z: -303.0 Acc 2: x: 1321.0 y: 344.0 z: -31.0
16012 L: 6 0 0 R: 47 4 -3 D: 8191.0 Acc 1: x: 1877.0 y: -583.0 z: -286.0 Acc 2: x: 1449.0 y: 335.0 z: 34.0
16045 L: 5 1 0 R: 7 4 -3 D: 8191.0 Acc 1: x: 1472.0 y: -655.0 z: -53.0 Acc 2: x: 1252.0 y: 153.0 z: 72.0
16094 L: 7 1 9 R: -8 1 -3 D: 8191.0 Acc 1: x: 966.0 y: -814.0 z: -315.0 Acc 2: x: 907.0 y: -20.0 z: 196.0
16143 L: 4 3 14 R: -25 0 -4 D: 8191.0 Acc 1: x: 989.0 y: 432.0 z: -386.0 Acc 2: x: 842.0 y: 93.0 z: 278.0
16192 L: 4 5 18 R: -31 -2 -3 D: 8191.0 Acc 1: x: 340.0 y: -517.0 z: -118.0 Acc 2: x: 1135.0 y: 258.0 z: 260.0
16242 L: 4 7 18 R: -30 -2 -4 D: 8191.0 Acc 1: x: 1302.0 y: -17.0 z: 1550.0 Acc 2: x: 982.0 y: 114.0 z: 284.0
16292 L: 5 8 15 R: -30 -2 -4 D: 8191.0 Acc 1: x: 1297.0 y: 562.0 z: -550.0 Acc 2: x: 899.0 y: 277.0 z: 280.0
16325 L: 4 10 15 R: -31 -2 -4 D: 8191.0 Acc 1: x: 885.0 y: -537.0 z: -143.0 Acc 2: x: 924.0 y: 11.0 z: 275.0
16358 L: 5 11 16 R: -30 -2 -4 D: 8191.0 Acc 1: x: 697.0 y: -765.0 z: 20.0 Acc 2: x: 907.0 y: 21.0 z: 288.0
16409 L: 5 11 14 R: -31 -1 -3 D: 8191.0 Acc 1: x: 972.0 y: -627.0 z: -221.0 Acc 2: x: 605.0 y: 105.0 z: 273.0
16442 L: 6 10 1 R: -30 -2 -3 D: 8191.0 Acc 1: x: 956.0 y: -697.0 z: -281.0 Acc 2: x: 544.0 y: 113.0 z: 294.0
16492 L: 9 25 -2 R: -30 -2 -3 D: 8191.0 Acc 1: x: -342.0 y: -1879.0 z: 73.0 Acc 2: x: 832.0 y: 21.0 z: 295.0
16542 L: 10 53 -2 R: -28 -2 -3 D: 8191.0 Acc 1: x: 2031.0 y: 60.0 z: -2004.0 Acc 2: x: 1245.0 y: 53.0 z: 172.0
16592 L: 8 71 -2 R: -10 0 -2 D: 8191.0 Acc 1: x: 1368.0 y: 800.0 z: -333.0 Acc 2: x: 1358.0 y: 194.0 z: 5.0
16625 L: 5 35 -3 R: -6 0 0 D: 8191.0 Acc 1: x: 1164.0 y: 766.0 z: -257.0 Acc 2: x: 1359.0 y: 248.0 z: 64.0
16675 L: 1 15 -3 R: -6 0 0 D: 8191.0 Acc 1: x: 971.0 y: -29.0 z: -448.0 Acc 2: x: 816.0 y: 291.0 z: 164.0
16724 L: -5 -8 -4 R: -5 0 2 D: 8191.0 Acc 1: x: 892.0 y: 81.0 z: -570.0 Acc 2: x: 866.0 y: 208.0 z: 288.0
16775 L: -6 -9 -5 R: -8 0 3 D: 8191.0 Acc 1: x: 1047.0 y: 102.0 z: -340.0 Acc 2: x: 1041.0 y: 260.0 z: 171.0