2104 L: 7 6 -21 R: 0 -7 4 D: -0.0 Acc 1: x: 816.0 y: 770.0 z: -122.0 Acc 2: x: -34.0 y: -179.0 z: 794.0
2137 L: 0 3 -22 R: -1 -6 7 D: -0.0 Acc 1: x: 842.0 y: 745.0 z: -284.0 Acc 2: x: 70.0 y: 22.0 z: 995.0
2186 L: -3 0 -22 R: 0 -5 8 D: 8191.0 Acc 1: x: 583.0 y: 431.0 z: -290.0 Acc 2: x: 196.0 y: 176.0 z: 1634.0
2219 L: -2 -1 -22 R: 0 -6 9 D: 8191.0 Acc 1: x: 631.0 y: 932.0 z: -218.0 Acc 2: x: 190.0 y: -266.0 z: 1939.0
2251 L: -3 -1 -22 R: 0 -7 10 D: 8191.0 Acc 1: x: 552.0 y: 1243.0 z: -141.0 Acc 2: x: 334.0 y: -691.0 z: 1338.0
2284 L: -2 -2 -22 R: 0 -6 9 D: 8191.0 Acc 1: x: 688.0 y: 727.0 z: -410.0 Acc 2: x: 224.0 y: -220.0 z: 461.0
2317 L: -4 -2 -22 R: 0 -7 10 D: 8191.0 Acc 1: x: 826.0 y: 551.0 z: -444.0 Acc 2: x: 301.0 y: -151.0 z: 1235.0
2368 L: -3 -1 -22 R: 0 -6 9 D: 8191.0 Acc 1: x: 930.0 y: 307.0 z: -459.0 Acc 2: x: 155.0 y: 244.0 z: 733.0
2400 L: -3 -2 -22 R: 0 -5 9 D: 8191.0 Acc 1: x: 787.0 y: 604.0 z: -175.0 Acc 2: x: 140.0 y: 199.0 z: 1124.0
2450 L: -3 0 -23 R: 0 -4 8 D: 8191.0 Acc 1: x: 743.0 y: 1170.0 z: -410.0 Acc 2: x: 117.0 y: 4.0 z: 563.0
2499 L: -1 0 -22 R: -1 -6 8 D: 8191.0 Acc 1: x: 267.0 y: 1718.0 z: -450.0 Acc 2: x: 94.0 y: -38.0 z: 1046.0
2549 L: -1 0 -21 R: -1 -6 6 D: 127.0 Acc 1: x: -203.0 y: 1786.0 z: -700.0 Acc 2: x: -72.0 y: 597.0 z: 154.0
2600 L: -3 -1 -20 R: 0 10 2 D: 127.0 Acc 1: x: 1055.0 y: 1671.0 z: -894.0 Acc 2: x: -35.0 y: -480.0 z: 1424.0
2650 L: -3 -1 -19 R: 4 45 0 D: 127.0 Acc 1: x: 2040.0 y: 1290.0 z: -819.0 Acc 2: x: 603.0 y: -650.0 z: 3760.0
2701 L: -3 -2 -12 R: 6 38 0 D: 127.0 Acc 1: x: 2608.0 y: 313.0 z: -95.0 Acc 2: x: 301.0 y: -282.0 z: 1039.0
2750 L: -2 -1 -3 R: 3 16 0 D: 127.0 Acc 1: x: 1232.0 y: -1701.0 z: 1381.0 Acc 2: x: 210.0 y: -237.0 z: 1390.0
2800 L: -1 0 4 R: 0 -6 0 D: 127.0 Acc 1: x: -41.0 y: 258.0 z: -1516.0 Acc 2: x: 329.0 y: 260.0 z: 1715.0
2851 L: -1 1 5 R: 0 -6 -1 D: 127.0 Acc 1: x: 557.0 y: -918.0 z: 285.0 Acc 2: x: 672.0 y: -169.0 z: 2461.0
2900 L: -1 0 10 R: 0 -7 0 D: 127.0 Acc 1: x: 1078.0 y: -468.0 z: -341.0 Acc 2: x: 364.0 y: -472.0 z: 1581.0
2951 L: -2 0 8 R: -1 -8 -1 D: 127.0 Acc 1: x: 1698.0 y: 4687.0 z: 1851.0 Acc 2: x: 546.0 y: -376.0 z: 1226.0
3002 L: -2 0 7 R: 0 -8 0 D: 127.0 Acc 1: x: 869.0 y: 406.0 z: 1406.0 Acc 2: x: 329.0 y: 415.0 z: -238.0
3051 L: -2 0 5 R: -1 -6 0 D: 127.0 Acc 1: x: 1753.0 y: 1186.0 z: 148.0 Acc 2: x: 171.0 y: 265.0 z: 564.0
3100 L: -3 -1 5 R: -1 -5 0 D: 127.0 Acc 1: x: 727.0 y: 1297.0 z: -478.0 Acc 2: x: 210.0 y: 266.0 z: 15.0
3149 L: -3 -2 -2 R: 0 -6 0 D: 127.0 Acc 1: x: 1157.0 y: 712.0 z: -971.0 Acc 2: x: 209.0 y: -419.0 z: 633.0
3198 L: 0 0 -12 R: 0 -7 1 D: 230.0 Acc 1: x: 173.0 y: 636.0 z: -198.0 Acc 2: x: 317.0 y: -456.0 z: 2474.0
3231 L: 9 4 -16 R: 0 -8 1 D: 230.0 Acc 1: x: 528.0 y: 524.0 z: 181.0 Acc 2: x: -856.0 y: 2076.0 z: 5720.0
3264 L: 12 7 -19 R: 0 -8 3 D: 230.0 Acc 1: x: 592.0 y: 1402.0 z: -105.0 Acc 2: x: 258.0 y: -120.0 z: 505.0
3297 L: 7 5 -22 R: -1 -7 6 D: 230.0 Acc 1: x: 481.0 y: 1274.0 z: -312.0 Acc 2: x: 51.0 y: -482.0 z: 371.0
3330 L: 2 4 -22 R: 0 -8 9 D: 230.0 Acc 1: x: 624.0 y: 919.0 z: -229.0 Acc 2: x: 238.0 y: -764.0 z: 1053.0
3379 L: -3 -3 -23 R: -1 -6 10 D: 230.0 Acc 1: x: 656.0 y: 784.0 z: -289.0 Acc 2: x: 174.0 y: 535.0 z: 1069.0
3411 L: -3 -1 -22 R: 0 -7 13 D: 230.0 Acc 1: x: 500.0 y: 686.0 z: -688.0 Acc 2: x: 186.0 y: 336.0 z: 1208.0
3444 L: -2 -1 -22 R: 0 -6 11 D: 230.0 Acc 1: x: 701.0 y: 797.0 z: -363.0 Acc 2: x: 387.0 y: -176.0 z: 2017.0
3477 L: -3 -1 -21 R: 0 -6 8 D: 230.0 Acc 1: x: 812.0 y: 736.0 z: -140.0 Acc 2: x: 106.0 y: -540.0 z: 1080.0
3510 L: -3 -1 -22 R: 0 -5 7 D: 230.0 Acc 1: x: 609.0 y: 873.0 z: -166.0 Acc 2: x: 134.0 y: -362.0 z: 399.0
3543 L: -4 -1 -22 R: 0 -4 8 D: 230.0 Acc 1: x: 752.0 y: 477.0 z: -402.0 Acc 2: x: 230.0 y: -18.0 z: 1026.0
3575 L: -3 -2 -22 R: 0 -3 7 D: 230.0 Acc 1: x: 785.0 y: 552.0 z: -409.0 Acc 2: x: 140.0 y: 210.0 z: 971.0
3608 L: -3 -2 -22 R: 0 -1 5 D: 230.0 Acc 1: x: 1036.0 y: 371.0 z: -486.0 Acc 2: x: 88.0 y: 208.0 z: 1077.0
3640 L: -3 -2 -22 R: 0 -1 5 D: 230.0 Acc 1: x: 851.0 y: 478.0 z: -121.0 Acc 2: x: 76.0 y: 11.0 z: 793.0
3673 L: -3 -2 -22 R: 0 0 6 D: 230.0 Acc 1: x: 721.0 y: 884.0 z: -416.0 Acc 2: x: 41.0 y: -187.0 z: 635.0
3705 L: -4 -1 -21 R: -1 -2 3 D: 230.0 Acc 1: x: 468.0 y: 1526.0 z: -193.0 Acc 2: x: 4.0 y: -239.0 z: 816.0
3738 L: -3 -1 -21 R: 0 -1 4 D: 230.0 Acc 1: x: 532.0 y: 1400.0 z: -644.0 Acc 2: x: -4.0 y: -15.0 z: 39.0
3787 L: -3 -2 -20 R: 0 4 1 D: 112.0 Acc 1: x: -78.0 y: 2657.0 z: -260.0 Acc 2: x: -93.0 y: -67.0 z: 892.0
3836 L: -3 -2 -19 R: 3 23 2 D: 112.0 Acc 1: x: 1102.0 y: 2113.0 z: -888.0 Acc 2: x: 135.0 y: 347.0 z: 1279.0
3887 L: -4 -2 -18 R: 6 55 0 D: 112.0 Acc 1: x: 2127.0 y: 774.0 z: -854.0 Acc 2: x: 150.0 y: -739.0 z: 1751.0
3937 L: -3 -3 -11 R: 6 40 -1 D: 112.0 Acc 1: x: 2647.0 y: 81.0 z: -19.0 Acc 2: x: 137.0 y: -370.0 z: 811.0
3987 L: -6 -3 9 R: 0 4 0 D: 112.0 Acc 1: x: -823.0 y: 482.0 z: -173.0 Acc 2: x: 201.0 y: 255.0 z: 1610.0
4036 L: -2 0 21 R: 0 -7 0 D: 112.0 Acc 1: x: 662.0 y: -669.0 z: -337.0 Acc 2: x: 595.0 y: -64.0 z: 1234.0
4086 L: -2 0 23 R: -1 -6 0 D: 112.0 Acc 1: x: 148.0 y: -288.0 z: 567.0 Acc 2: x: 169.0 y: -671.0 z: 1213.0
4136 L: -1 0 23 R: -1 -7 0 D: 112.0 Acc 1: x: 775.0 y: -150.0 z: -515.0 Acc 2: x: 377.0 y: -232.0 z: 1300.0
4187 L: -3 -1 25 R: -1 -9 0 D: 112.0 Acc 1: x: 1263.0 y: -860.0 z: -81.0 Acc 2: x: 288.0 y: 492.0 z: 906.0
4219 L: -3 -1 27 R: 0 -8 0 D: 112.0 Acc 1: x: 3386.0 y: 172.0 z: 2218.0 Acc 2: x: 207.0 y: 536.0 z: 897.0
4270 L: -3 -1 29 R: -1 -8 -1 D: 112.0 Acc 1: x: 1069.0 y: 596.0 z: 155.0 Acc 2: x: 167.0 y: -86.0 z: 605.0
4319 L: -3 -1 28 R: -1 -7 0 D: 112.0 Acc 1: x: 1585.0 y: 659.0 z: -316.0 Acc 2: x: 85.0 y: -342.0 z: 753.0
4369 L: -3 0 27 R: -1 -9 0 D: 112.0 Acc 1: x: 788.0 y: 589.0 z: -532.0 Acc 2: x: 220.0 y: -13.0 z: 681.0
4418 L: -3 0 17 R: -1 -9 1 D: 116.0 Acc 1: x: 648.0 y: 723.0 z: -96.0 Acc 2: x: 60.0 y: 199.0 z: 1324.0
4467 L: 0 1 -7 R: -1 -9 1 D: 8191.0 Acc 1: x: 1019.0 y: 605.0 z: -261.0 Acc 2: x: -607.0 y: 1137.0 z: 1047.0
4500 L: 12 8 -17 R: -1 -9 0 D: 8191.0 Acc 1: x: -99.0 y: 1070.0 z: -361.0 Acc 2: x: -70.0 y: -876.0 z: 1498.0
4533 L: 17 12 -18 R: -1 -9 2 D: 8191.0 Acc 1: x: 863.0 y: 2925.0 z: -242.0 Acc 2: x: 336.0 y: -44.0 z: 320.0
4566 L: 9 7 -21 R: -1 -9 2 D: 8191.0 Acc 1: x: 719.0 y: 954.0 z: 125.0 Acc 2: x: 124.0 y: 187.0 z: 1469.0
4598 L: 2 7 -21 R: -1 -9 4 D: 8191.0 Acc 1: x: 615.0 y: 614.0 z: -306.0 Acc 2: x: -326.0 y: -447.0 z: -250.0
4631 L: -1 1 -21 R: -1 -7 8 D: 8191.0 Acc 1: x: 1059.0 y: 807.0 z: -368.0 Acc 2: x: 59.0 y: 80.0 z: 927.0
4664 L: -3 -2 -22 R: -1 -6 9 D: 8191.0 Acc 1: x: 900.0 y: 688.0 z: -409.0 Acc 2: x: 174.0 y: 276.0 z: 1467.0
4697 L: -2 -1 -22 R: 0 0 8 D: 8191.0 Acc 1: x: 726.0 y: 555.0 z: -31.0 Acc 2: x: 424.0 y: -53.0 z: 2199.0
4729 L: -3 -2 -22 R: 0 1 7 D: 8191.0 Acc 1: x: 889.0 y: 782.0 z: -168.0 Acc 2: x: 641.0 y: -739.0 z: 2711.0
4762 L: -4 -1 -22 R: 0 1 6 D: 8191.0 Acc 1: x: 693.0 y: 420.0 z: -230.0 Acc 2: x: 497.0 y: -665.0 z: 649.0
4811 L: -3 -2 -22 R: 0 2 5 D: 8191.0 Acc 1: x: 805.0 y: 600.0 z: -300.0 Acc 2: x: 273.0 y: -331.0 z: 938.0
4844 L: -3 -1 -22 R: 0 2 5 D: 8191.0 Acc 1: x: 677.0 y: 678.0 z: -359.0 Acc 2: x: 369.0 y: 372.0 z: 779.0
4877 L: -2 -1 -21 R: 0 1 6 D: 8191.0 Acc 1: x: 764.0 y: 951.0 z: -342.0 Acc 2: x: 224.0 y: 631.0 z: 735.0
4910 L: -3 -1 -22 R: -1 -2 6 D: 8191.0 Acc 1: x: 729.0 y: 1246.0 z: -204.0 Acc 2: x: 320.0 y: 516.0 z: 318.0
4942 L: -2 1 -22 R: 0 -6 6 D: 8191.0 Acc 1: x: 527.0 y: 1436.0 z: -294.0 Acc 2: x: 344.0 y: 138.0 z: 103.0
4992 L: -3 0 -20 R: 0 -5 3 D: 126.0 Acc 1: x: 88.0 y: 1999.0 z: 32.0 Acc 2: x: -26.0 y: -171.0 z: 434.0
5042 L: -2 -1 -18 R: 0 6 1 D: 126.0 Acc 1: x: 1525.0 y: -313.0 z: -575.0 Acc 2: x: -2063.0 y: 834.0 z: 2236.0
5093 L: -3 -1 -10 R: 4 33 0 D: 126.0 Acc 1: x: 1833.0 y: 216.0 z: -484.0 Acc 2: x: 108.0 y: -1288.0 z: 1262.0
5143 L: -3 -1 12 R: 3 21 0 D: 126.0 Acc 1: x: 2301.0 y: -226.0 z: -42.0 Acc 2: x: 118.0 y: -372.0 z: 1426.0
5193 L: -3 -1 32 R: 0 -2 0 D: 126.0 Acc 1: x: 410.0 y: 2688.0 z: -391.0 Acc 2: x: 334.0 y: -98.0 z: 1819.0
5226 L: -1 0 40 R: 0 -7 0 D: 126.0 Acc 1: x: 368.0 y: 3435.0 z: 1252.0 Acc 2: x: 266.0 y: 337.0 z: 1379.0
5276 L: -2 0 36 R: -1 -7 0 D: 126.0 Acc 1: x: 829.0 y: -332.0 z: -204.0 Acc 2: x: 328.0 y: 82.0 z: 1465.0
5327 L: -2 0 32 R: 0 -8 0 D: 126.0 Acc 1: x: 722.0 y: 14.0 z: -239.0 Acc 2: x: 84.0 y: -316.0 z: 670.0
5359 L: -2 -1 31 R: 0 -8 0 D: 126.0 Acc 1: x: 493.0 y: -73.0 z: -153.0 Acc 2: x: 149.0 y: -250.0 z: 720.0
5409 L: -3 -1 33 R: -1 -8 -1 D: 126.0 Acc 1: x: 912.0 y: -166.0 z: 189.0 Acc 2: x: 207.0 y: 207.0 z: 1163.0
5459 L: -3 -1 36 R: 0 -9 0 D: 126.0 Acc 1: x: 1077.0 y: 311.0 z: -413.0 Acc 2: x: 85.0 y: 267.0 z: 983.0
5509 L: -3 -1 38 R: -2 -8 0 D: 126.0 Acc 1: x: 1393.0 y: -1949.0 z: 1177.0 Acc 2: x: 77.0 y: -112.0 z: 836.0
5559 L: -2 0 38 R: -1 -8 0 D: 126.0 Acc 1: x: 1366.0 y: 252.0 z: 25.0 Acc 2: x: -4.0 y: -358.0 z: 765.0
5609 L: -3 0 25 R: -1 -9 0 D: 126.0 Acc 1: x: 1284.0 y: 1041.0 z: -436.0 Acc 2: x: 46.0 y: -48.0 z: 736.0
5659 L: -2 0 10 R: 0 -9 0 D: 92.0 Acc 1: x: 651.0 y: 820.0 z: -239.0 Acc 2: x: -9.0 y: 169.0 z: 1391.0
5692 L: 3 4 -14 R: -1 -9 0 D: 92.0 Acc 1: x: 705.0 y: 609.0 z: -265.0 Acc 2: x: 1747.0 y: 2798.0 z: 1560.0
5725 L: 11 8 -15 R: -2 -9 1 D: 92.0 Acc 1: x: 706.0 y: 1565.0 z: -263.0 Acc 2: x: -32.0 y: -385.0 z: 1312.0
5757 L: 17 12 -18 R: -1 -9 0 D: 92.0 Acc 1: x: -477.0 y: 1213.0 z: -626.0 Acc 2: x: 282.0 y: 36.0 z: 2947.0
5790 L: 13 10 -20 R: -1 -9 1 D: 92.0 Acc 1: x: 1331.0 y: 1830.0 z: -1156.0 Acc 2: x: -197.0 y: 1810.0 z: 1082.0
5841 L: 6 8 -21 R: -1 -9 4 D: 92.0 Acc 1: x: 804.0 y: 643.0 z: -830.0 Acc 2: x: 76.0 y: -342.0 z: 395.0
5873 L: -3 -1 -21 R: 0 -5 10 D: 92.0 Acc 1: x: 727.0 y: 977.0 z: -350.0 Acc 2: x: 317.0 y: 92.0 z: 1478.0
5923 L: -4 -1 -22 R: 0 -4 10 D: 92.0 Acc 1: x: 562.0 y: 695.0 z: -277.0 Acc 2: x: 375.0 y: -99.0 z: 2335.0
5956 L: -3 -2 -21 R: 0 -1 10 D: 92.0 Acc 1: x: 755.0 y: 454.0 z: 20.0 Acc 2: x: 703.0 y: -531.0 z: 1458.0
5989 L: -3 -1 -22 R: 0 2 8 D: 92.0 Acc 1: x: 805.0 y: 531.0 z: -212.0 Acc 2: x: 238.0 y: -469.0 z: 923.0
6022 L: -3 -1 -22 R: 0 3 7 D: 92.0 Acc 1: x: 1189.0 y: 89.0 z: -660.0 Acc 2: x: 354.0 y: -190.0 z: 1330.0
6071 L: -3 0 -22 R: 0 2 7 D: 92.0 Acc 1: x: 931.0 y: 416.0 z: -189.0 Acc 2: x: 306.0 y: 352.0 z: 1156.0
6104 L: -3 -1 -22 R: 0 2 6 D: 92.0 Acc 1: x: 978.0 y: 723.0 z: -863.0 Acc 2: x: 225.0 y: 416.0 z: 1055.0
6135 L: -3 -1 -22 R: 0 -1 6 D: 92.0 Acc 1: x: 931.0 y: 434.0 z: -286.0 Acc 2: x: 121.0 y: 224.0 z: 339.0
6168 L: -3 0 -21 R: 0 -4 8 D: 92.0 Acc 1: x: 720.0 y: 837.0 z: -371.0 Acc 2: x: 153.0 y: -81.0 z: 197.0
6201 L: -3 -1 -22 R: 0 -5 9 D: 92.0 Acc 1: x: 795.0 y: 1378.0 z: -543.0 Acc 2: x: 13.0 y: -344.0 z: 278.0
6250 L: -3 0 -21 R: 0 -6 9 D: 92.0 Acc 1: x: 437.0 y: 1857.0 z: -963.0 Acc 2: x: 59.0 y: -107.0 z: 782.0
6299 L: -3 -2 -20 R: 0 -3 7 D: 137.0 Acc 1: x: 831.0 y: -673.0 z: 227.0 Acc 2: x: -2.0 y: 201.0 z: 826.0
6349 L: -3 -1 -19 R: 2 18 1 D: 8191.0 Acc 1: x: 988.0 y: 690.0 z: -475.0 Acc 2: x: 383.0 y: -91.0 z: 1898.0
6382 L: -4 -2 -18 R: 6 53 0 D: 8191.0 Acc 1: x: 1901.0 y: 1566.0 z: -967.0 Acc 2: x: -420.0 y: 938.0 z: 1552.0
6433 L: -3 -3 -15 R: 9 53 0 D: 8191.0 Acc 1: x: 3145.0 y: 4404.0 z: 1653.0 Acc 2: x: 75.0 y: -635.0 z: 1635.0
6483 L: -3 -2 -5 R: 5 24 0 D: 8191.0 Acc 1: x: 1854.0 y: -1587.0 z: -903.0 Acc 2: x: 240.0 y: -161.0 z: 2590.0
6534 L: -2 -1 9 R: 0 -5 0 D: 8191.0 Acc 1: x: 1454.0 y: 2986.0 z: -246.0 Acc 2: x: 1611.0 y: -2773.0 z: 954.0
6566 L: -2 0 11 R: 0 -5 0 D: 8191.0 Acc 1: x: 285.0 y: -1194.0 z: -588.0 Acc 2: x: 748.0 y: -212.0 z: 1685.0
6617 L: -1 0 7 R: -1 -5 0 D: 8191.0 Acc 1: x: 950.0 y: -197.0 z: -178.0 Acc 2: x: 145.0 y: -451.0 z: 1239.0
6667 L: -2 0 1 R: -1 -8 -1 D: 8191.0 Acc 1: x: 966.0 y: -307.0 z: -440.0 Acc 2: x: 557.0 y: -101.0 z: 1344.0
6716 L: -2 0 4 R: -1 -8 -1 D: 8191.0 Acc 1: x: 2571.0 y: -1034.0 z: -4068.0 Acc 2: x: 369.0 y: 338.0 z: 259.0
6766 L: -2 0 9 R: 0 -6 0 D: 8191.0 Acc 1: x: 924.0 y: 304.0 z: 189.0 Acc 2: x: 166.0 y: 327.0 z: 756.0
6815 L: -2 0 12 R: -1 -7 0 D: 8191.0 Acc 1: x: 1343.0 y: 539.0 z: -153.0 Acc 2: x: 166.0 y: 0.0 z: 643.0
6864 L: -3 0 14 R: -1 -7 0 D: 8191.0 Acc 1: x: 1185.0 y: 717.0 z: -465.0 Acc 2: x: 116.0 y: -340.0 z: 999.0
6915 L: -2 0 15 R: 0 -8 0 D: 8191.0 Acc 1: x: 582.0 y: 679.0 z: -398.0 Acc 2: x: 114.0 y: -276.0 z: 1302.0
6965 L: -1 0 -4 R: -1 -9 0 D: 153.0 Acc 1: x: 620.0 y: 667.0 z: -195.0 Acc 2: x: 165.0 y: 499.0 z: 5507.0
7014 L: 2 2 -16 R: -1 -8 0 D: 153.0 Acc 1: x: 919.0 y: 1165.0 z: -317.0 Acc 2: x: 44.0 y: -1002.0 z: 1614.0
7047 L: 12 7 -18 R: -1 -9 0 D: 153.0 Acc 1: x: 356.0 y: 1101.0 z: -529.0 Acc 2: x: 294.0 y: -608.0 z: 1331.0
7097 L: 14 9 -19 R: -2 -9 1 D: 153.0 Acc 1: x: 775.0 y: 735.0 z: -295.0 Acc 2: x: 610.0 y: 819.0 z: 1553.0
7130 L: 6 6 -21 R: -1 -9 6 D: 153.0 Acc 1: x: 768.0 y: 542.0 z: -151.0 Acc 2: x: 85.0 y: -39.0 z: 1172.0
7180 L: 0 4 -21 R: -1 -8 10 D: 153.0 Acc 1: x: 991.0 y: 402.0 z: -131.0 Acc 2: x: 333.0 y: 260.0 z: 1472.0
7213 L: -3 -3 -22 R: 0 -6 13 D: 153.0 Acc 1: x: 968.0 y: 470.0 z: -307.0 Acc 2: x: 281.0 y: 23.0 z: 1531.0
7245 L: -2 -1 -22 R: 0 -6 16 D: 153.0 Acc 1: x: 729.0 y: 350.0 z: -430.0 Acc 2: x: 254.0 y: -131.0 z: 1480.0
7278 L: -3 -2 -22 R: 0 -6 16 D: 153.0 Acc 1: x: 773.0 y: 487.0 z: -328.0 Acc 2: x: 319.0 y: -308.0 z: 1717.0
7311 L: -3 -1 -22 R: 0 -7 15 D: 153.0 Acc 1: x: 854.0 y: 681.0 z: -289.0 Acc 2: x: 309.0 y: -296.0 z: 1226.0
7344 L: -3 -2 -22 R: 0 -6 15 D: 153.0 Acc 1: x: 779.0 y: 646.0 z: -183.0 Acc 2: x: 335.0 y: -171.0 z: 869.0
7376 L: -3 -2 -22 R: 0 -6 15 D: 153.0 Acc 1: x: 726.0 y: 560.0 z: -258.0 Acc 2: x: 118.0 y: 57.0 z: 558.0
7409 L: -3 -2 -22 R: -1 -6 15 D: 153.0 Acc 1: x: 940.0 y: 621.0 z: -340.0 Acc 2: x: 182.0 y: 254.0 z: 811.0
7459 L: -4 -1 -23 R: -1 -5 16 D: 153.0 Acc 1: x: 785.0 y: 595.0 z: -426.0 Acc 2: x: 178.0 y: 229.0 z: 871.0
7510 L: -3 0 -22 R: -1 -7 16 D: 153.0 Acc 1: x: 796.0 y: 808.0 z: -404.0 Acc 2: x: 251.0 y: -205.0 z: 1149.0
7542 L: -2 0 -21 R: 0 -6 16 D: 153.0 Acc 1: x: 677.0 y: 1053.0 z: -475.0 Acc 2: x: -76.0 y: -194.0 z: 768.0
7575 L: -1 0 -22 R: 0 -6 11 D: 153.0 Acc 1: x: 644.0 y: 1107.0 z: -316.0 Acc 2: x: -840.0 y: 705.0 z: 1434.0
7625 L: -3 -1 -22 R: 0 -4 4 D: 145.0 Acc 1: x: 862.0 y: 851.0 z: -253.0 Acc 2: x: -14.0 y: -787.0 z: 666.0
7675 L: -3 0 -22 R: 0 4 4 D: 145.0 Acc 1: x: 906.0 y: 630.0 z: -263.0 Acc 2: x: 205.0 y: -698.0 z: 979.0
7727 L: -3 -1 -22 R: 1 15 1 D: 145.0 Acc 1: x: 1208.0 y: 580.0 z: -507.0 Acc 2: x: 360.0 y: 466.0 z: 1441.0
7776 L: -4 -2 -21 R: 2 28 1 D: 8191.0 Acc 1: x: 1225.0 y: 615.0 z: -601.0 Acc 2: x: 554.0 y: -40.0 z: 1342.0
7826 L: -3 -2 -18 R: 4 34 1 D: 8191.0 Acc 1: x: 1319.0 y: 295.0 z: -355.0 Acc 2: x: 38.0 y: -646.0 z: 1170.0
7876 L: -3 -1 -12 R: 5 22 0 D: 8191.0 Acc 1: x: 1546.0 y: 574.0 z: -40.0 Acc 2: x: 148.0 y: -254.0 z: 1329.0
7926 L: -2 -1 11 R: 1 7 0 D: 8191.0 Acc 1: x: 1021.0 y: -152.0 z: -67.0 Acc 2: x: 86.0 y: 318.0 z: 1424.0
7976 L: -3 0 22 R: 0 -6 0 D: 8191.0 Acc 1: x: 803.0 y: 2006.0 z: -436.0 Acc 2: x: 297.0 y: 89.0 z: 1338.0
8027 L: -2 0 25 R: 0 -5 0 D: 8191.0 Acc 1: x: 324.0 y: -138.0 z: -312.0 Acc 2: x: 189.0 y: -10.0 z: 1092.0